<?xml version="1.0" encoding="UTF-8"?>
<!-- Generated by org.testng.reporters.JUnitReportReporter -->
<testsuite skipped="0" hostname="DESKTOP-BF8FUQH" name="org.example.test.HomePageTest" tests="8" failures="0" timestamp="2020-06-16T14:03:44 PDT" time="78.247" errors="0">
  <testcase name="searchTextTest" time="8.968" classname="org.example.test.HomePageTest"/>
  <system-out/>
  <testcase name="techImagesTest" time="11.447" classname="org.example.test.HomePageTest"/>
  <system-out/>
  <testcase name="searchURLTest2" time="8.680" classname="org.example.test.HomePageTest"/>
  <system-out/>
  <testcase name="searchURLTest1" time="9.325" classname="org.example.test.HomePageTest"/>
  <system-out/>
  <testcase name="searchURLTest3" time="9.600" classname="org.example.test.HomePageTest"/>
  <system-out/>
  <testcase name="searchURLTest4" time="10.950" classname="org.example.test.HomePageTest"/>
  <system-out/>
  <testcase name="searchURLTest5" time="10.501" classname="org.example.test.HomePageTest"/>
  <system-out/>
  <testcase name="searchURLTest6" time="8.776" classname="org.example.test.HomePageTest"/>
  <system-out/>
</testsuite> <!-- org.example.test.HomePageTest -->
