<?xml version="1.0" encoding="UTF-8"?>
<!-- Generated by org.testng.reporters.JUnitReportReporter -->
<testsuite skipped="0" hostname="DESKTOP-BF8FUQH" name="org.example.test.LoginPageTest" tests="3" failures="0" timestamp="2020-06-16T14:03:44 PDT" time="29.756" errors="0">
  <testcase name="loginTest" time="10.072" classname="org.example.test.LoginPageTest"/>
  <system-out/>
  <testcase name="loginTest" time="9.732" classname="org.example.test.LoginPageTest"/>
  <system-out/>
  <testcase name="loginTest" time="9.952" classname="org.example.test.LoginPageTest"/>
  <system-out/>
</testsuite> <!-- org.example.test.LoginPageTest -->
