<?xml version="1.0" encoding="UTF-8"?>
<!-- Generated by org.testng.reporters.JUnitReportReporter -->
<testsuite skipped="0" hostname="DESKTOP-BF8FUQH" name="org.example.test.HomePageTest" tests="5" failures="0" timestamp="2020-06-10T16:52:26 PDT" time="57.501" errors="0">
  <testcase name="searchTextTest" time="8.632" classname="org.example.test.HomePageTest"/>
  <system-out/>
  <testcase name="techImagesTest" time="11.538" classname="org.example.test.HomePageTest"/>
  <system-out/>
  <testcase name="searchURLTest2" time="14.021" classname="org.example.test.HomePageTest"/>
  <system-out/>
  <testcase name="searchURLTest1" time="11.813" classname="org.example.test.HomePageTest"/>
  <system-out/>
  <testcase name="searchURLTest3" time="11.497" classname="org.example.test.HomePageTest"/>
  <system-out/>
</testsuite> <!-- org.example.test.HomePageTest -->
