<?xml version="1.0" encoding="UTF-8"?>
<!-- Generated by org.testng.reporters.JUnitReportReporter -->
<testsuite skipped="0" hostname="DESKTOP-BF8FUQH" name="com.wbl.test.HomePageTest" tests="3" failures="0" timestamp="2020-06-16T14:18:00 PDT" time="54.254" errors="0">
  <testcase name="loginTest" time="18.541" classname="com.wbl.test.HomePageTest"/>
  <system-out/>
  <testcase name="loginTest" time="17.766" classname="com.wbl.test.HomePageTest"/>
  <system-out/>
  <testcase name="loginTest" time="17.947" classname="com.wbl.test.HomePageTest"/>
  <system-out/>
</testsuite> <!-- com.wbl.test.HomePageTest -->
