<?xml version="1.0" encoding="UTF-8"?>
<!-- Generated by org.testng.reporters.JUnitReportReporter -->
<testsuite skipped="0" hostname="DESKTOP-BF8FUQH" name="com.wbl.base.BaseTest" tests="5" failures="0" timestamp="2020-06-16T14:18:00 PDT" time="81.953" errors="0">
  <testcase name="searchURLTest1" time="13.969" classname="com.wbl.base.BaseTest"/>
  <system-out/>
  <testcase name="searchURLTest2" time="17.156" classname="com.wbl.base.BaseTest"/>
  <system-out/>
  <testcase name="searchURLTest3" time="16.936" classname="com.wbl.base.BaseTest"/>
  <system-out/>
  <testcase name="searchURLTest4" time="18.688" classname="com.wbl.base.BaseTest"/>
  <system-out/>
  <testcase name="searchURLTest5" time="15.204" classname="com.wbl.base.BaseTest"/>
  <system-out/>
</testsuite> <!-- com.wbl.base.BaseTest -->
